2026-03-03T00:00:00+00:00 7.3
2026-03-03T00:06:00+00:00 6.6
2026-03-03T00:12:00+00:00 6.7
2026-03-03T04:54:00+00:00 3.9
2026-03-03T05:00:00+00:00 3.8
2026-03-03T05:06:00+00:00 4
2026-03-03T05:12:00+00:00 3.9
2026-03-03T05:18:00+00:00 3.6
2026-03-03T05:24:00+00:00 3.6
2026-03-03T05:30:00+00:00 3.7
2026-03-03T05:36:00+00:00 3.8
2026-03-03T05:42:00+00:00 3.8
2026-03-03T05:48:00+00:00 3.9
2026-03-03T05:54:00+00:00 3.8
2026-03-03T06:00:00+00:00 3.7
2026-03-03T06:06:00+00:00 3.7
2026-03-03T06:12:00+00:00 3.6
2026-03-03T06:18:00+00:00 3.4
2026-03-03T06:24:00+00:00 3.4
2026-03-03T06:30:00+00:00 3.6
2026-03-03T06:36:00+00:00 3.8
2026-03-03T06:42:00+00:00 3.6
2026-03-03T06:48:00+00:00 3.3
2026-03-03T06:54:00+00:00 3
2026-03-03T07:00:00+00:00 2.9